[debug] [2019-04-06T12:00:26.364Z] ----------------------------------------------------------------------
[debug] [2019-04-06T12:00:26.368Z] Command:       C:\Program Files (x86)\nodejs\node.exe C:\Users\paras\AppData\Roaming\npm\node_modules\firebase-tools\lib\bin\firebase.js deploy
[debug] [2019-04-06T12:00:26.368Z] CLI Version:   6.5.0
[debug] [2019-04-06T12:00:26.368Z] Platform:      win32
[debug] [2019-04-06T12:00:26.368Z] Node Version:  v10.15.3
[debug] [2019-04-06T12:00:26.370Z] Time:          Sat Apr 06 2019 15:00:26 GMT+0300 (Eastern European Summer Time)
[debug] [2019-04-06T12:00:26.370Z] ----------------------------------------------------------------------
[debug] 
[debug] [2019-04-06T12:00:26.382Z] > command requires scopes: ["email","openid","https://www.googleapis.com/auth/cloudplatformprojects.readonly","https://www.googleapis.com/auth/firebase","https://www.googleapis.com/auth/cloud-platform"]
[debug] [2019-04-06T12:00:26.383Z] > authorizing via signed-in user
[debug] [2019-04-06T12:00:26.383Z] [iam] checking project amy-university-assistant for permissions ["cloudfunctions.functions.create","cloudfunctions.functions.delete","cloudfunctions.functions.get","cloudfunctions.functions.list","cloudfunctions.functions.update","cloudfunctions.operations.get","firebase.projects.get","firebasehosting.sites.update"]
[debug] [2019-04-06T12:00:26.386Z] >>> HTTP REQUEST POST https://cloudresourcemanager.googleapis.com/v1/projects/amy-university-assistant:testIamPermissions  

[debug] [2019-04-06T12:00:27.572Z] <<< HTTP RESPONSE 200
[debug] [2019-04-06T12:00:27.574Z] >>> HTTP REQUEST GET https://firebase.googleapis.com/v1beta1/projects/amy-university-assistant  
 
[debug] [2019-04-06T12:00:28.043Z] <<< HTTP RESPONSE 200
[info] 
[info] === Deploying to 'amy-university-assistant'...
[info] 
[info] i  deploying functions, hosting
[info] Running command: npm --prefix "$RESOURCE_DIR" run lint
[info] Running command: npm --prefix "$RESOURCE_DIR" run build
